<?xml version="1.0" encoding="UTF-8"?>
<testng-results skipped="0" failed="0" total="1" passed="1">
  <reporter-output>
  </reporter-output>
  <suite name="Default suite" duration-ms="133799" started-at="2016-05-24T11:01:47Z" finished-at="2016-05-24T11:04:01Z">
    <groups>
    </groups>
    <test name="Default test" duration-ms="133799" started-at="2016-05-24T11:01:47Z" finished-at="2016-05-24T11:04:01Z">
      <class name="TestCases.Flipkart">
        <test-method status="PASS" signature="testFlipkart()[pri:0, instance:TestCases.Flipkart@6108b2d7]" name="testFlipkart" duration-ms="133784" started-at="2016-05-24T16:31:47Z" finished-at="2016-05-24T16:34:01Z">
          <reporter-output>
          </reporter-output>
        </test-method> <!-- testFlipkart -->
        <test-method status="PASS" signature="teardown()[pri:0, instance:TestCases.Flipkart@6108b2d7]" name="teardown" is-config="true" duration-ms="1" started-at="2016-05-24T16:34:01Z" finished-at="2016-05-24T16:34:01Z">
          <reporter-output>
          </reporter-output>
        </test-method> <!-- teardown -->
      </class> <!-- TestCases.Flipkart -->
    </test> <!-- Default test -->
  </suite> <!-- Default suite -->
</testng-results>
