<?xml version="1.0" encoding="UTF-8"?>
<testng-results skipped="0" failed="0" total="1" passed="1">
  <reporter-output>
  </reporter-output>
  <suite name="Default suite" duration-ms="106825" started-at="2016-05-24T09:48:26Z" finished-at="2016-05-24T09:50:13Z">
    <groups>
    </groups>
    <test name="Default test" duration-ms="106825" started-at="2016-05-24T09:48:26Z" finished-at="2016-05-24T09:50:13Z">
      <class name="TestCases.Flipkart">
        <test-method status="PASS" signature="testFlipkart()[pri:0, instance:TestCases.Flipkart@6108b2d7]" name="testFlipkart" duration-ms="106095" started-at="2016-05-24T15:18:27Z" finished-at="2016-05-24T15:20:13Z">
          <reporter-output>
          </reporter-output>
        </test-method> <!-- testFlipkart -->
        <test-method status="PASS" signature="teardown()[pri:0, instance:TestCases.Flipkart@6108b2d7]" name="teardown" is-config="true" duration-ms="711" started-at="2016-05-24T15:20:13Z" finished-at="2016-05-24T15:20:13Z">
          <reporter-output>
          </reporter-output>
        </test-method> <!-- teardown -->
      </class> <!-- TestCases.Flipkart -->
    </test> <!-- Default test -->
  </suite> <!-- Default suite -->
</testng-results>
