<?xml version="1.0" encoding="UTF-8"?>
<testng-results skipped="0" failed="0" total="1" passed="1">
  <reporter-output>
  </reporter-output>
  <suite name="Default suite" duration-ms="22744" started-at="2016-05-24T07:51:15Z" finished-at="2016-05-24T07:51:38Z">
    <groups>
    </groups>
    <test name="Default test" duration-ms="22744" started-at="2016-05-24T07:51:15Z" finished-at="2016-05-24T07:51:38Z">
      <class name="TestCases.Greenify">
        <test-method status="PASS" signature="testGreenify()[pri:0, instance:TestCases.Greenify@6108b2d7]" name="testGreenify" duration-ms="22070" started-at="2016-05-24T13:21:15Z" finished-at="2016-05-24T13:21:37Z">
          <reporter-output>
          </reporter-output>
        </test-method> <!-- testGreenify -->
        <test-method status="PASS" signature="teardown()[pri:0, instance:TestCases.Greenify@6108b2d7]" name="teardown" is-config="true" duration-ms="648" started-at="2016-05-24T13:21:37Z" finished-at="2016-05-24T13:21:38Z">
          <reporter-output>
          </reporter-output>
        </test-method> <!-- teardown -->
      </class> <!-- TestCases.Greenify -->
    </test> <!-- Default test -->
  </suite> <!-- Default suite -->
</testng-results>
